0 verbose cli /usr/local/bin/node /usr/local/bin/npm
1 info using npm@11.12.0
2 info using node@v20.20.1
3 silly config load:file:/usr/local/lib/node_modules/npm/npmrc
4 silly config load:file:/home/container/.npmrc
5 silly config load:file:/usr/local/etc/npmrc
6 verbose title npm install
7 verbose argv "install"
8 verbose logfile logs-max:10 dir:/home/container/.npm/_logs/2026-03-26T09_45_50_740Z-
9 verbose logfile /home/container/.npm/_logs/2026-03-26T09_45_50_740Z-debug-0.log
10 silly logfile done cleaning log files
11 silly packumentCache heap:321388544 maxSize:80347136 maxEntrySize:40173568
12 http fetch GET 200 https://registry.npmjs.org/npm 284ms
13 silly idealTree buildDeps
14 warn EBADENGINE Unsupported engine {
14 warn EBADENGINE   package: 'X-Project@1.2.11',
14 warn EBADENGINE   required: { node: '16.x' },
14 warn EBADENGINE   current: { node: 'v20.20.1', npm: '11.12.0' }
14 warn EBADENGINE }
15 silly reify moves {}
16 silly audit bulk request {
16 silly audit   '@mapbox/node-pre-gyp': [ '1.0.11' ],
16 silly audit   'agent-base': [ '6.0.2', '7.1.4', '5.1.1' ],
16 silly audit   'are-we-there-yet': [ '2.0.0', '4.0.2', '1.0.6' ],
16 silly audit   debug: [ '4.4.3', '2.6.9' ],
16 silly audit   gauge: [ '3.0.2', '5.0.2', '1.2.7' ],
16 silly audit   'https-proxy-agent': [ '5.0.1', '7.0.6', '4.0.0' ],
16 silly audit   ms: [ '2.1.3', '2.0.0' ],
16 silly audit   npmlog: [ '5.0.1', '7.0.1', '1.2.1' ],
16 silly audit   'signal-exit': [ '3.0.7', '4.1.0' ],
16 silly audit   '@types/tinycolor2': [ '1.4.6' ],
16 silly audit   abbrev: [ '1.1.1' ],
16 silly audit   accepts: [ '1.3.8' ],
16 silly audit   ajv: [ '6.14.0' ],
16 silly audit   ansi: [ '0.3.1' ],
16 silly audit   'ansi-regex': [ '5.0.1' ],
16 silly audit   'ansi-styles': [ '4.3.0' ],
16 silly audit   aproba: [ '2.1.0' ],
16 silly audit   'array-flatten': [ '1.1.1' ],
16 silly audit   asn1: [ '0.2.6' ],
16 silly audit   'assert-plus': [ '1.0.0' ],
16 silly audit   'async-limiter': [ '1.0.1' ],
16 silly audit   asynckit: [ '0.4.0' ],
16 silly audit   'aws-sign2': [ '0.7.0' ],
16 silly audit   aws4: [ '1.13.2' ],
16 silly audit   axios: [ '1.13.6' ],
16 silly audit   'balanced-match': [ '1.0.2' ],
16 silly audit   'base64-js': [ '1.5.1' ],
16 silly audit   'bcrypt-pbkdf': [ '1.0.2' ],
16 silly audit   bindings: [ '1.5.0' ],
16 silly audit   bl: [ '4.1.0' ],
16 silly audit   bluebird: [ '2.11.0' ],
16 silly audit   'body-parser': [ '1.20.4' ],
16 silly audit   boolbase: [ '1.0.0' ],
16 silly audit   'brace-expansion': [ '1.1.12' ],
16 silly audit   buffer: [ '5.7.1' ],
16 silly audit   'buffer-from': [ '1.1.2' ],
16 silly audit   bytes: [ '3.1.2' ],
16 silly audit   'call-bind-apply-helpers': [ '1.0.2' ],
16 silly audit   'call-bound': [ '1.0.4' ],
16 silly audit   'callback-stream': [ '1.1.0' ],
16 silly audit   'readable-stream': [ '2.3.8', '3.6.2' ],
16 silly audit   'safe-buffer': [ '5.1.2', '5.2.1' ],
16 silly audit   string_decoder: [ '1.1.1', '1.3.0' ],
16 silly audit   camelcase: [ '4.1.0' ],
16 silly audit   canvas: [ '2.11.2' ],
16 silly audit   caseless: [ '0.12.0' ],
16 silly audit   cb: [ '0.1.1' ],
16 silly audit   chalk: [ '4.1.2' ],
16 silly audit   cheerio: [ '0.22.0' ],
16 silly audit   child_process: [ '1.0.2' ],
16 silly audit   chownr: [ '2.0.0' ],
16 silly audit   'color-convert': [ '2.0.1' ],
16 silly audit   'color-name': [ '1.1.4' ],
16 silly audit   'color-support': [ '1.1.3' ],
16 silly audit   'combined-stream': [ '1.0.8' ],
16 silly audit   commist: [ '1.1.0' ],
16 silly audit   'concat-map': [ '0.0.1' ],
16 silly audit   'concat-stream': [ '2.0.0', '1.6.2' ],
16 silly audit   'console-control-strings': [ '1.1.0' ],
16 silly audit   'content-disposition': [ '0.5.4' ],
16 silly audit   'content-type': [ '1.0.5' ],
16 silly audit   cookie: [ '0.7.2' ],
16 silly audit   'cookie-signature': [ '1.0.7' ],
16 silly audit   'core-util-is': [ '1.0.2' ],
16 silly audit   'cross-fetch': [ '3.2.0' ],
16 silly audit   'css-select': [ '1.2.0' ],
16 silly audit   'css-what': [ '2.1.3' ],
16 silly audit   d: [ '1.0.2' ],
16 silly audit   dashdash: [ '1.14.1' ],
16 silly audit   deasync: [ '0.1.31' ],
16 silly audit   'decompress-response': [ '4.2.1' ],
16 silly audit   'delayed-stream': [ '1.0.0' ],
16 silly audit   delegates: [ '1.0.0' ],
16 silly audit   depd: [ '2.0.0' ],
16 silly audit   destroy: [ '1.2.0' ],
16 silly audit   'detect-libc': [ '2.1.2' ],
16 silly audit   'dom-serializer': [ '0.1.1' ],
16 silly audit   domelementtype: [ '1.3.1' ],
16 silly audit   domhandler: [ '2.4.2' ],
16 silly audit   domutils: [ '1.5.1' ],
16 silly audit   'dunder-proto': [ '1.0.1' ],
16 silly audit   duplexify: [ '4.1.3', '3.7.1' ],
16 silly audit   'ecc-jsbn': [ '0.1.2' ],
16 silly audit   'ee-first': [ '1.1.1' ],
16 silly audit   'emoji-regex': [ '8.0.0' ],
16 silly audit   encodeurl: [ '2.0.0' ],
16 silly audit   'end-of-stream': [ '1.4.5' ],
16 silly audit   entities: [ '1.1.2' ],
16 silly audit   'es-define-property': [ '1.0.1' ],
16 silly audit   'es-errors': [ '1.3.0' ],
16 silly audit   'es-object-atoms': [ '1.1.1' ],
16 silly audit   'es-set-tostringtag': [ '2.1.0' ],
16 silly audit   'es5-ext': [ '0.10.64' ],
16 silly audit   'es6-iterator': [ '2.0.3' ],
16 silly audit   'es6-map': [ '0.1.5' ],
16 silly audit   'es6-set': [ '0.1.6' ],
16 silly audit   'es6-symbol': [ '3.1.4' ],
16 silly audit   'escape-html': [ '1.0.3' ],
16 silly audit   esniff: [ '2.0.1' ],
16 silly audit   etag: [ '1.8.1' ],
16 silly audit   'event-emitter': [ '0.3.5' ],
16 silly audit   express: [ '4.22.1' ],
16 silly audit   ext: [ '1.7.0' ],
16 silly audit   extend: [ '3.0.2' ],
16 silly audit   extsprintf: [ '1.3.0' ],
16 silly audit   'fast-deep-equal': [ '3.1.3' ],
16 silly audit   'fast-json-stable-stringify': [ '2.1.0' ],
16 silly audit   'file-uri-to-path': [ '1.0.0' ],
16 silly audit   finalhandler: [ '1.3.2' ],
16 silly audit   'follow-redirects': [ '1.15.11' ],
16 silly audit   fontstyles: [ '1.1.2' ],
16 silly audit   'forever-agent': [ '0.6.1' ],
16 silly audit   'form-data': [ '4.0.5', '2.3.3' ],
16 silly audit   forwarded: [ '0.2.0' ],
16 silly audit   fresh: [ '0.5.2' ],
16 silly audit   fs: [ '0.0.1-security' ],
16 silly audit   'fs-extra': [ '11.3.4' ],
16 silly audit   'fs-minipass': [ '2.1.0' ],
16 silly audit   minipass: [ '3.3.6', '5.0.0' ],
16 silly audit   'fs.realpath': [ '1.0.0' ],
16 silly audit   'function-bind': [ '1.1.2' ],
16 silly audit   'get-intrinsic': [ '1.3.0' ],
16 silly audit   'get-proto': [ '1.0.1' ],
16 silly audit   getpass: [ '0.1.7' ],
16 silly audit   glob: [ '7.2.3' ],
16 silly audit   'glob-parent': [ '3.1.0' ],
16 silly audit   'glob-stream': [ '6.1.0' ],
16 silly audit   gopd: [ '1.2.0' ],
16 silly audit   'graceful-fs': [ '4.2.11' ],
16 silly audit   'gradient-string': [ '2.0.2' ],
16 silly audit   'har-schema': [ '2.0.0' ],
16 silly audit   'har-validator': [ '5.1.5' ],
16 silly audit   'has-flag': [ '4.0.0' ],
16 silly audit   'has-symbols': [ '1.1.0' ],
16 silly audit   'has-tostringtag': [ '1.0.2' ],
16 silly audit   'has-unicode': [ '2.0.1' ],
16 silly audit   hasown: [ '2.0.2' ],
16 silly audit   'help-me': [ '3.0.0', '1.1.0' ],
16 silly audit   htmlparser2: [ '3.10.1' ],
16 silly audit   'http-errors': [ '2.0.1' ],
16 silly audit   'http-signature': [ '1.2.0' ],
16 silly audit   hyntax: [ '1.1.9' ],
16 silly audit   'iconv-lite': [ '0.4.24' ],
16 silly audit   ieee754: [ '1.2.1' ],
16 silly audit   inflight: [ '1.0.6' ],
16 silly audit   'infobox-parser': [ '3.6.2' ],
16 silly audit   inherits: [ '2.0.4' ],
16 silly audit   'ipaddr.js': [ '1.9.1' ],
16 silly audit   'is-absolute': [ '1.0.0' ],
16 silly audit   'is-extglob': [ '2.1.1' ],
16 silly audit   'is-fullwidth-code-point': [ '3.0.0' ],
16 silly audit   'is-glob': [ '3.1.0' ],
16 silly audit   'is-negated-glob': [ '1.0.0' ],
16 silly audit   'is-relative': [ '1.0.0' ],
16 silly audit   'is-typedarray': [ '1.0.0' ],
16 silly audit   'is-unc-path': [ '1.0.0' ],
16 silly audit   'is-windows': [ '1.0.2' ],
16 silly audit   isarray: [ '1.0.0' ],
16 silly audit   isstream: [ '0.1.2' ],
16 silly audit   'js-sdsl': [ '4.3.0' ],
16 silly audit   jsbn: [ '0.1.1' ],
16 silly audit   'json-schema': [ '0.4.0' ],
16 silly audit   'json-schema-traverse': [ '0.4.1' ],
16 silly audit   'json-stable-stringify-without-jsonify': [ '1.0.1' ],
16 silly audit   'json-stringify-safe': [ '5.0.1' ],
16 silly audit   jsonfile: [ '6.2.0' ],
16 silly audit   jsprim: [ '1.4.2' ],
16 silly audit   leven: [ '2.1.0' ],
16 silly audit   'lodash.assignin': [ '4.2.0' ],
16 silly audit   'lodash.bind': [ '4.2.1' ],
16 silly audit   'lodash.defaults': [ '4.2.0' ],
16 silly audit   'lodash.filter': [ '4.6.0' ],
16 silly audit   'lodash.flatten': [ '4.4.0' ],
16 silly audit   'lodash.foreach': [ '4.5.0' ],
16 silly audit   'lodash.map': [ '4.6.0' ],
16 silly audit   'lodash.merge': [ '4.6.2' ],
16 silly audit   'lodash.pad': [ '4.5.1' ],
16 silly audit   'lodash.padend': [ '4.6.1' ],
16 silly audit   'lodash.padstart': [ '4.6.1' ],
16 silly audit   'lodash.pick': [ '4.4.0' ],
16 silly audit   'lodash.reduce': [ '4.6.0' ],
16 silly audit   'lodash.reject': [ '4.6.0' ],
16 silly audit   'lodash.some': [ '4.6.0' ],
16 silly audit   'lru-cache': [ '6.0.0' ],
16 silly audit   'make-dir': [ '3.1.0' ],
16 silly audit   semver: [ '6.3.1', '7.7.4' ],
16 silly audit   'math-intrinsics': [ '1.1.0' ],
16 silly audit   'media-typer': [ '0.3.0' ],
16 silly audit   'merge-descriptors': [ '1.0.3' ],
16 silly audit   methods: [ '1.1.2' ],
16 silly audit   mime: [ '1.6.0' ],
16 silly audit   'mime-db': [ '1.52.0' ],
16 silly audit   'mime-types': [ '2.1.35' ],
16 silly audit   'mimic-response': [ '2.1.0' ],
16 silly audit   minimatch: [ '3.1.5' ],
16 silly audit   minimist: [ '1.2.8' ],
16 silly audit   minizlib: [ '2.1.2' ],
16 silly audit   mkdirp: [ '1.0.4' ],
16 silly audit   moment: [ '2.30.1' ],
16 silly audit   'moment-timezone': [ '0.5.48' ],
16 silly audit   mqtt: [ '4.3.8', '3.0.0' ],
16 silly audit   'mqtt-packet': [ '6.10.0' ],
16 silly audit   nan: [ '2.26.2' ],
16 silly audit   negotiator: [ '0.6.3' ],
16 silly audit   'next-tick': [ '1.1.0' ],
16 silly audit   'node-addon-api': [ '1.7.2' ],
16 silly audit   'node-cron': [ '3.0.3' ],
16 silly audit   'node-fetch': [ '2.7.0' ],
16 silly audit   nopt: [ '5.0.0' ],
16 silly audit   'nth-check': [ '1.0.2' ],
16 silly audit   'number-allocator': [ '1.0.14' ],
16 silly audit   'oauth-sign': [ '0.9.0' ],
16 silly audit   'object-assign': [ '4.1.1' ],
16 silly audit   'object-inspect': [ '1.13.4' ],
16 silly audit   'on-finished': [ '2.4.1' ],
16 silly audit   once: [ '1.4.0' ],
16 silly audit   'ordered-read-streams': [ '1.0.1' ],
16 silly audit   parseurl: [ '1.3.3' ],
16 silly audit   'path-dirname': [ '1.0.2' ],
16 silly audit   'path-is-absolute': [ '1.0.1' ],
16 silly audit   'path-to-regexp': [ '0.1.12' ],
16 silly audit   'performance-now': [ '2.1.0' ],
16 silly audit   'process-nextick-args': [ '2.0.1' ],
16 silly audit   'proxy-addr': [ '2.0.7' ],
16 silly audit   'proxy-from-env': [ '1.1.0' ],
16 silly audit   psl: [ '1.15.0' ],
16 silly audit   pump: [ '3.0.4', '2.0.1' ],
16 silly audit   pumpify: [ '1.5.1' ],
16 silly audit   punycode: [ '2.3.1' ],
16 silly audit   qs: [ '6.14.2', '6.5.5' ],
16 silly audit   'range-parser': [ '1.2.1' ],
16 silly audit   'raw-body': [ '2.5.3' ],
16 silly audit   reinterval: [ '1.1.0' ],
16 silly audit   'remove-trailing-separator': [ '1.1.0' ],
16 silly audit   request: [ '2.88.2' ],
16 silly audit   uuid: [ '3.4.0', '8.3.2' ],
16 silly audit   rfdc: [ '1.4.1' ],
16 silly audit   rimraf: [ '3.0.2' ],
16 silly audit   'ryuu-fca-api': [ '3.2.5' ],
16 silly audit   'safer-buffer': [ '2.1.2' ],
16 silly audit   send: [ '0.19.2' ],
16 silly audit   'serve-static': [ '1.16.3' ],
16 silly audit   'set-blocking': [ '2.0.0' ],
16 silly audit   setprototypeof: [ '1.2.0' ],
16 silly audit   'side-channel': [ '1.1.0' ],
16 silly audit   'side-channel-list': [ '1.0.0' ],
16 silly audit   'side-channel-map': [ '1.0.1' ],
16 silly audit   'side-channel-weakmap': [ '1.0.2' ],
16 silly audit   'simple-concat': [ '1.0.1' ],
16 silly audit   'simple-get': [ '3.1.1' ],
16 silly audit   split2: [ '3.2.2' ],
16 silly audit   sshpk: [ '1.18.0' ],
16 silly audit   statuses: [ '2.0.2' ],
16 silly audit   'stream-shift': [ '1.0.3' ],
16 silly audit   'string-width': [ '4.2.3' ],
16 silly audit   'strip-ansi': [ '6.0.1' ],
16 silly audit   'supports-color': [ '7.2.0' ],
16 silly audit   tar: [ '6.2.1' ],
16 silly audit   through2: [ '2.0.5' ],
16 silly audit   'through2-filter': [ '3.0.0' ],
16 silly audit   tinycolor2: [ '1.6.0' ],
16 silly audit   tinygradient: [ '1.1.5' ],
16 silly audit   'to-absolute-glob': [ '2.0.2' ],
16 silly audit   toidentifier: [ '1.0.1' ],
16 silly audit   'tough-cookie': [ '2.5.0' ],
16 silly audit   tr46: [ '0.0.3' ],
16 silly audit   'tunnel-agent': [ '0.6.0' ],
16 silly audit   tweetnacl: [ '0.14.5' ],
16 silly audit   type: [ '2.7.3' ],
16 silly audit   'type-is': [ '1.6.18' ],
16 silly audit   typedarray: [ '0.0.6' ],
16 silly audit   ultron: [ '1.1.1' ],
16 silly audit   'unc-path-regex': [ '0.1.2' ],
16 silly audit   'unique-stream': [ '2.4.0' ],
16 silly audit   universalify: [ '2.0.1' ],
16 silly audit   unpipe: [ '1.0.0' ],
16 silly audit   'uri-js': [ '4.4.1' ],
16 silly audit   'util-deprecate': [ '1.0.2' ],
16 silly audit   'utils-merge': [ '1.0.1' ],
16 silly audit   vary: [ '1.1.2' ],
16 silly audit   verror: [ '1.10.0' ],
16 silly audit   'webidl-conversions': [ '3.0.1' ],
16 silly audit   'websocket-stream': [ '5.5.2' ],
16 silly audit   ws: [ '3.3.3', '7.5.10' ],
16 silly audit   'whatwg-url': [ '5.0.0' ],
16 silly audit   'wide-align': [ '1.1.5' ],
16 silly audit   wikijs: [ '6.4.1' ],
16 silly audit   wrappy: [ '1.0.2' ],
16 silly audit   xtend: [ '4.0.2' ],
16 silly audit   yallist: [ '4.0.0' ]
16 silly audit }
17 http fetch POST 200 https://registry.npmjs.org/-/npm/v1/security/advisories/bulk 407ms
18 silly audit report {
18 silly audit report   'form-data': [
18 silly audit report     {
18 silly audit report       id: 1109540,
18 silly audit report       url: 'https://github.com/advisories/GHSA-fjxv-7rqg-78g4',
18 silly audit report       title: 'form-data uses unsafe random function in form-data for choosing boundary',
18 silly audit report       severity: 'critical',
18 silly audit report       vulnerable_versions: '<2.5.4',
18 silly audit report       cwe: [Array],
18 silly audit report       cvss: [Object]
18 silly audit report     }
18 silly audit report   ],
18 silly audit report   'lodash.pick': [
18 silly audit report     {
18 silly audit report       id: 1106907,
18 silly audit report       url: 'https://github.com/advisories/GHSA-p6mc-m468-83gw',
18 silly audit report       title: 'Prototype Pollution in lodash',
18 silly audit report       severity: 'high',
18 silly audit report       vulnerable_versions: '>=4.0.0 <=4.4.0',
18 silly audit report       cwe: [Array],
18 silly audit report       cvss: [Object]
18 silly audit report     }
18 silly audit report   ],
18 silly audit report   'nth-check': [
18 silly audit report     {
18 silly audit report       id: 1095141,
18 silly audit report       url: 'https://github.com/advisories/GHSA-rp65-9cf3-cjxr',
18 silly audit report       title: 'Inefficient Regular Expression Complexity in nth-check',
18 silly audit report       severity: 'high',
18 silly audit report       vulnerable_versions: '<2.0.1',
18 silly audit report       cwe: [Array],
18 silly audit report       cvss: [Object]
18 silly audit report     }
18 silly audit report   ],
18 silly audit report   qs: [
18 silly audit report     {
18 silly audit report       id: 1113719,
18 silly audit report       url: 'https://github.com/advisories/GHSA-6rw7-vpxm-498p',
18 silly audit report       title: "qs's arrayLimit bypass in its bracket notation allows DoS via memory exhaustion",
18 silly audit report       severity: 'moderate',
18 silly audit report       vulnerable_versions: '<6.14.1',
18 silly audit report       cwe: [Array],
18 silly audit report       cvss: [Object]
18 silly audit report     }
18 silly audit report   ],
18 silly audit report   request: [
18 silly audit report     {
18 silly audit report       id: 1096727,
18 silly audit report       url: 'https://github.com/advisories/GHSA-p8p7-x288-28g6',
18 silly audit report       title: 'Server-Side Request Forgery in Request',
18 silly audit report       severity: 'moderate',
18 silly audit report       vulnerable_versions: '<=2.88.2',
18 silly audit report       cwe: [Array],
18 silly audit report       cvss: [Object]
18 silly audit report     }
18 silly audit report   ],
18 silly audit report   tar: [
18 silly audit report     {
18 silly audit report       id: 1112659,
18 silly audit report       url: 'https://github.com/advisories/GHSA-34x7-hfp2-rc4v',
18 silly audit report       title: 'node-tar Vulnerable to Arbitrary File Creation/Overwrite via Hardlink Path Traversal',
18 silly audit report       severity: 'high',
18 silly audit report       vulnerable_versions: '<7.5.7',
18 silly audit report       cwe: [Array],
18 silly audit report       cvss: [Object]
18 silly audit report     },
18 silly audit report     {
18 silly audit report       id: 1113300,
18 silly audit report       url: 'https://github.com/advisories/GHSA-8qq5-rm4j-mr97',
18 silly audit report       title: 'node-tar is Vulnerable to Arbitrary File Overwrite and Symlink Poisoning via Insufficient Path Sanitization',
18 silly audit report       severity: 'high',
18 silly audit report       vulnerable_versions: '<=7.5.2',
18 silly audit report       cwe: [Array],
18 silly audit report       cvss: [Object]
18 silly audit report     },
18 silly audit report     {
18 silly audit report       id: 1113375,
18 silly audit report       url: 'https://github.com/advisories/GHSA-83g3-92jg-28cx',
18 silly audit report       title: 'Arbitrary File Read/Write via Hardlink Target Escape Through Symlink Chain in node-tar Extraction',
18 silly audit report       severity: 'high',
18 silly audit report       vulnerable_versions: '<7.5.8',
18 silly audit report       cwe: [Array],
18 silly audit report       cvss: [Object]
18 silly audit report     },
18 silly audit report     {
18 silly audit report       id: 1114200,
18 silly audit report       url: 'https://github.com/advisories/GHSA-qffp-2rhf-9h96',
18 silly audit report       title: 'tar has Hardlink Path Traversal via Drive-Relative Linkpath',
18 silly audit report       severity: 'high',
18 silly audit report       vulnerable_versions: '<=7.5.9',
18 silly audit report       cwe: [Array],
18 silly audit report       cvss: [Object]
18 silly audit report     },
18 silly audit report     {
18 silly audit report       id: 1114302,
18 silly audit report       url: 'https://github.com/advisories/GHSA-9ppj-qmqm-q256',
18 silly audit report       title: 'node-tar Symlink Path Traversal via Drive-Relative Linkpath',
18 silly audit report       severity: 'high',
18 silly audit report       vulnerable_versions: '<=7.5.10',
18 silly audit report       cwe: [Array],
18 silly audit report       cvss: [Object]
18 silly audit report     },
18 silly audit report     {
18 silly audit report       id: 1114680,
18 silly audit report       url: 'https://github.com/advisories/GHSA-r6q2-hw4h-h46w',
18 silly audit report       title: 'Race Condition in node-tar Path Reservations via Unicode Ligature Collisions on macOS APFS',
18 silly audit report       severity: 'high',
18 silly audit report       vulnerable_versions: '<=7.5.3',
18 silly audit report       cwe: [Array],
18 silly audit report       cvss: [Object]
18 silly audit report     }
18 silly audit report   ],
18 silly audit report   'tough-cookie': [
18 silly audit report     {
18 silly audit report       id: 1097682,
18 silly audit report       url: 'https://github.com/advisories/GHSA-72xf-g2v4-qvf3',
18 silly audit report       title: 'tough-cookie Prototype Pollution vulnerability',
18 silly audit report       severity: 'moderate',
18 silly audit report       vulnerable_versions: '<4.1.3',
18 silly audit report       cwe: [Array],
18 silly audit report       cvss: [Object]
18 silly audit report     }
18 silly audit report   ],
18 silly audit report   ws: [
18 silly audit report     {
18 silly audit report       id: 1098395,
18 silly audit report       url: 'https://github.com/advisories/GHSA-3h5v-q93c-6h6q',
18 silly audit report       title: 'ws affected by a DoS when handling a request with many HTTP headers',
18 silly audit report       severity: 'high',
18 silly audit report       vulnerable_versions: '>=2.1.0 <5.2.4',
18 silly audit report       cwe: [Array],
18 silly audit report       cvss: [Object]
18 silly audit report     }
18 silly audit report   ]
18 silly audit report }
19 silly packumentCache corgi:https://registry.npmjs.org/form-data cache-miss
20 silly packumentCache corgi:https://registry.npmjs.org/lodash.pick cache-miss
21 silly packumentCache corgi:https://registry.npmjs.org/nth-check cache-miss
22 silly packumentCache corgi:https://registry.npmjs.org/qs cache-miss
23 silly packumentCache corgi:https://registry.npmjs.org/request cache-miss
24 silly packumentCache corgi:https://registry.npmjs.org/tar cache-miss
25 silly packumentCache corgi:https://registry.npmjs.org/tough-cookie cache-miss
26 silly packumentCache corgi:https://registry.npmjs.org/ws cache-miss
27 http fetch GET 200 https://registry.npmjs.org/nth-check 315ms (cache miss)
28 silly packumentCache corgi:https://registry.npmjs.org/nth-check set size:undefined disposed:false
29 http fetch GET 200 https://registry.npmjs.org/lodash.pick 319ms (cache miss)
30 silly packumentCache corgi:https://registry.npmjs.org/lodash.pick set size:undefined disposed:false
31 http fetch GET 200 https://registry.npmjs.org/form-data 324ms (cache miss)
32 silly packumentCache corgi:https://registry.npmjs.org/form-data set size:undefined disposed:false
33 http fetch GET 200 https://registry.npmjs.org/tough-cookie 362ms (cache miss)
34 silly packumentCache corgi:https://registry.npmjs.org/tough-cookie set size:undefined disposed:false
35 http fetch GET 200 https://registry.npmjs.org/request 380ms (cache miss)
36 silly packumentCache corgi:https://registry.npmjs.org/request set size:undefined disposed:false
37 http fetch GET 200 https://registry.npmjs.org/qs 399ms (cache miss)
38 silly packumentCache corgi:https://registry.npmjs.org/qs set size:undefined disposed:false
39 http fetch GET 200 https://registry.npmjs.org/tar 413ms (cache miss)
40 silly packumentCache corgi:https://registry.npmjs.org/tar set size:undefined disposed:false
41 http fetch GET 200 https://registry.npmjs.org/ws 472ms (cache miss)
42 silly packumentCache corgi:https://registry.npmjs.org/ws set size:undefined disposed:false
43 silly packumentCache corgi:https://registry.npmjs.org/cheerio cache-miss
44 http fetch GET 200 https://registry.npmjs.org/cheerio 37ms (cache miss)
45 silly packumentCache corgi:https://registry.npmjs.org/cheerio set size:undefined disposed:false
46 silly packumentCache corgi:https://registry.npmjs.org/css-select cache-miss
47 http fetch GET 200 https://registry.npmjs.org/css-select 32ms (cache miss)
48 silly packumentCache corgi:https://registry.npmjs.org/css-select set size:undefined disposed:false
49 silly packumentCache corgi:https://registry.npmjs.org/ryuu-fca-api cache-miss
50 http fetch GET 200 https://registry.npmjs.org/ryuu-fca-api 215ms (cache miss)
51 silly packumentCache corgi:https://registry.npmjs.org/ryuu-fca-api set size:undefined disposed:false
52 silly packumentCache corgi:https://registry.npmjs.org/@mapbox%2fnode-pre-gyp cache-miss
53 http fetch GET 200 https://registry.npmjs.org/@mapbox%2fnode-pre-gyp 39ms (cache miss)
54 silly packumentCache corgi:https://registry.npmjs.org/@mapbox%2fnode-pre-gyp set size:undefined disposed:false
55 silly packumentCache corgi:https://registry.npmjs.org/websocket-stream cache-miss
56 http fetch GET 200 https://registry.npmjs.org/websocket-stream 447ms (cache miss)
57 silly packumentCache corgi:https://registry.npmjs.org/websocket-stream set size:undefined disposed:false
58 silly packumentCache corgi:https://registry.npmjs.org/canvas cache-miss
59 http fetch GET 200 https://registry.npmjs.org/canvas 176ms (cache miss)
60 silly packumentCache corgi:https://registry.npmjs.org/canvas set size:undefined disposed:false
61 silly packumentCache corgi:https://registry.npmjs.org/mqtt cache-miss
62 http fetch GET 200 https://registry.npmjs.org/mqtt 39ms (cache miss)
63 silly packumentCache corgi:https://registry.npmjs.org/mqtt set size:undefined disposed:false
64 verbose cwd /home/container
65 verbose os Linux 5.15.0-173-generic
66 verbose node v20.20.1
67 verbose npm  v11.12.0
68 verbose exit 0
69 info ok
